This file contains any messages produced by compilers while
running configure, to aid debugging if configure makes a mistake.

It was created by math configure 1.0, which was
<<<<<<< HEAD
generated by GNU Autoconf 2.68.  Invocation command line was

  $ ./configure --prefix /home/charles/usr
=======
generated by GNU Autoconf 2.63.  Invocation command line was

  $ ./configure --prefix /nfs/stak/students/r/rymalc/usr
>>>>>>> ef546caf7c44f6d309ad4476a93d0ab1d2a8a866

## --------- ##
## Platform. ##
## --------- ##

<<<<<<< HEAD
hostname = charles-MS-7758
uname -m = x86_64
uname -r = 3.8.0-33-generic
uname -s = Linux
uname -v = #48~precise1-Ubuntu SMP Thu Oct 24 16:28:06 UTC 2013
=======
hostname = dear111-02.mime.oregonstate.edu
uname -m = x86_64
uname -r = 2.6.32-358.23.2.el6.x86_64
uname -s = Linux
uname -v = #1 SMP Sat Sep 14 05:32:37 EDT 2013
>>>>>>> ef546caf7c44f6d309ad4476a93d0ab1d2a8a866

/usr/bin/uname -p = unknown
/bin/uname -X     = unknown

<<<<<<< HEAD
/bin/arch              = unknown
=======
/bin/arch              = x86_64
>>>>>>> ef546caf7c44f6d309ad4476a93d0ab1d2a8a866
/usr/bin/arch -k       = unknown
/usr/convex/getsysinfo = unknown
/usr/bin/hostinfo      = unknown
/bin/machine           = unknown
/usr/bin/oslevel       = unknown
/bin/universe          = unknown

<<<<<<< HEAD
PATH: /usr/lib/lightdm/lightdm
PATH: /usr/local/sbin
PATH: /usr/local/bin
PATH: /usr/sbin
PATH: /usr/bin
PATH: /sbin
PATH: /bin
PATH: /usr/games
=======
PATH: /bin
PATH: /sbin
PATH: /usr/local/bin
PATH: /usr/bin
PATH: /usr/local/apps/bin
PATH: /usr/bin/X11
PATH: /nfs/stak/students/r/rymalc/bin
PATH: .
>>>>>>> ef546caf7c44f6d309ad4476a93d0ab1d2a8a866


## ----------- ##
## Core tests. ##
## ----------- ##

<<<<<<< HEAD
configure:1854: checking for a BSD-compatible install
configure:1922: result: /usr/bin/install -c
configure:1933: checking whether build environment is sane
configure:1983: result: yes
configure:2124: checking for a thread-safe mkdir -p
configure:2163: result: /bin/mkdir -p
configure:2176: checking for gawk
configure:2206: result: no
configure:2176: checking for mawk
configure:2192: found /usr/bin/mawk
configure:2203: result: mawk
configure:2214: checking whether make sets $(MAKE)
configure:2236: result: yes
configure:2364: checking for gcc
configure:2380: found /usr/bin/gcc
configure:2391: result: gcc
configure:2620: checking for C compiler version
configure:2629: gcc --version >&5
gcc (Ubuntu/Linaro 4.6.3-1ubuntu5) 4.6.3
Copyright (C) 2011 Free Software Foundation, Inc.
This is free software; see the source for copying conditions.  There is NO
warranty; not even for MERCHANTABILITY or FITNESS FOR A PARTICULAR PURPOSE.

configure:2640: $? = 0
configure:2629: gcc -v >&5
Using built-in specs.
COLLECT_GCC=gcc
COLLECT_LTO_WRAPPER=/usr/lib/gcc/x86_64-linux-gnu/4.6/lto-wrapper
Target: x86_64-linux-gnu
Configured with: ../src/configure -v --with-pkgversion='Ubuntu/Linaro 4.6.3-1ubuntu5' --with-bugurl=file:///usr/share/doc/gcc-4.6/README.Bugs --enable-languages=c,c++,fortran,objc,obj-c++ --prefix=/usr --program-suffix=-4.6 --enable-shared --enable-linker-build-id --with-system-zlib --libexecdir=/usr/lib --without-included-gettext --enable-threads=posix --with-gxx-include-dir=/usr/include/c++/4.6 --libdir=/usr/lib --enable-nls --with-sysroot=/ --enable-clocale=gnu --enable-libstdcxx-debug --enable-libstdcxx-time=yes --enable-gnu-unique-object --enable-plugin --enable-objc-gc --disable-werror --with-arch-32=i686 --with-tune=generic --enable-checking=release --build=x86_64-linux-gnu --host=x86_64-linux-gnu --target=x86_64-linux-gnu
Thread model: posix
gcc version 4.6.3 (Ubuntu/Linaro 4.6.3-1ubuntu5) 
configure:2640: $? = 0
configure:2629: gcc -V >&5
gcc: error: unrecognized option '-V'
gcc: fatal error: no input files
compilation terminated.
configure:2640: $? = 4
configure:2629: gcc -qversion >&5
gcc: error: unrecognized option '-qversion'
gcc: fatal error: no input files
compilation terminated.
configure:2640: $? = 4
configure:2660: checking whether the C compiler works
configure:2682: gcc    conftest.c  >&5
configure:2686: $? = 0
configure:2734: result: yes
configure:2737: checking for C compiler default output file name
configure:2739: result: a.out
configure:2745: checking for suffix of executables
configure:2752: gcc -o conftest    conftest.c  >&5
configure:2756: $? = 0
configure:2778: result: 
configure:2800: checking whether we are cross compiling
configure:2808: gcc -o conftest    conftest.c  >&5
configure:2812: $? = 0
configure:2819: ./conftest
configure:2823: $? = 0
configure:2838: result: no
configure:2843: checking for suffix of object files
configure:2865: gcc -c   conftest.c >&5
configure:2869: $? = 0
configure:2890: result: o
configure:2894: checking whether we are using the GNU C compiler
configure:2913: gcc -c   conftest.c >&5
configure:2913: $? = 0
configure:2922: result: yes
configure:2931: checking whether gcc accepts -g
configure:2951: gcc -c -g  conftest.c >&5
configure:2951: $? = 0
configure:2992: result: yes
configure:3009: checking for gcc option to accept ISO C89
configure:3073: gcc  -c -g -O2  conftest.c >&5
configure:3073: $? = 0
configure:3086: result: none needed
configure:3117: checking for style of include used by make
configure:3145: result: GNU
configure:3171: checking dependency style of gcc
configure:3282: result: gcc3
configure:3355: checking for g++
configure:3371: found /usr/bin/g++
configure:3382: result: g++
configure:3409: checking for C++ compiler version
configure:3418: g++ --version >&5
g++ (Ubuntu/Linaro 4.6.3-1ubuntu5) 4.6.3
Copyright (C) 2011 Free Software Foundation, Inc.
This is free software; see the source for copying conditions.  There is NO
warranty; not even for MERCHANTABILITY or FITNESS FOR A PARTICULAR PURPOSE.

configure:3429: $? = 0
configure:3418: g++ -v >&5
Using built-in specs.
COLLECT_GCC=g++
COLLECT_LTO_WRAPPER=/usr/lib/gcc/x86_64-linux-gnu/4.6/lto-wrapper
Target: x86_64-linux-gnu
Configured with: ../src/configure -v --with-pkgversion='Ubuntu/Linaro 4.6.3-1ubuntu5' --with-bugurl=file:///usr/share/doc/gcc-4.6/README.Bugs --enable-languages=c,c++,fortran,objc,obj-c++ --prefix=/usr --program-suffix=-4.6 --enable-shared --enable-linker-build-id --with-system-zlib --libexecdir=/usr/lib --without-included-gettext --enable-threads=posix --with-gxx-include-dir=/usr/include/c++/4.6 --libdir=/usr/lib --enable-nls --with-sysroot=/ --enable-clocale=gnu --enable-libstdcxx-debug --enable-libstdcxx-time=yes --enable-gnu-unique-object --enable-plugin --enable-objc-gc --disable-werror --with-arch-32=i686 --with-tune=generic --enable-checking=release --build=x86_64-linux-gnu --host=x86_64-linux-gnu --target=x86_64-linux-gnu
Thread model: posix
gcc version 4.6.3 (Ubuntu/Linaro 4.6.3-1ubuntu5) 
configure:3429: $? = 0
configure:3418: g++ -V >&5
g++: error: unrecognized option '-V'
g++: fatal error: no input files
compilation terminated.
configure:3429: $? = 4
configure:3418: g++ -qversion >&5
g++: error: unrecognized option '-qversion'
g++: fatal error: no input files
compilation terminated.
configure:3429: $? = 4
configure:3433: checking whether we are using the GNU C++ compiler
configure:3452: g++ -c   conftest.cpp >&5
configure:3452: $? = 0
configure:3461: result: yes
configure:3470: checking whether g++ accepts -g
configure:3490: g++ -c -g  conftest.cpp >&5
configure:3490: $? = 0
configure:3531: result: yes
configure:3556: checking dependency style of g++
configure:3667: result: gcc3
configure:3725: checking for ranlib
configure:3741: found /usr/bin/ranlib
configure:3752: result: ranlib
configure:3912: creating ./config.status
=======
configure:1841: checking for a BSD-compatible install
configure:1909: result: /usr/bin/install -c
configure:1920: checking whether build environment is sane
configure:1980: result: yes
configure:2121: checking for a thread-safe mkdir -p
configure:2160: result: /bin/mkdir -p
configure:2173: checking for gawk
configure:2189: found /bin/gawk
configure:2200: result: gawk
configure:2211: checking whether make sets $(MAKE)
configure:2233: result: yes
configure:2363: checking for gcc
configure:2379: found /usr/bin/gcc
configure:2390: result: gcc
configure:2622: checking for C compiler version
configure:2630: gcc --version >&5
gcc (GCC) 4.4.7 20120313 (Red Hat 4.4.7-3)
Copyright (C) 2010 Free Software Foundation, Inc.
This is free software; see the source for copying conditions.  There is NO
warranty; not even for MERCHANTABILITY or FITNESS FOR A PARTICULAR PURPOSE.

configure:2634: $? = 0
configure:2641: gcc -v >&5
Using built-in specs.
Target: x86_64-redhat-linux
Configured with: ../configure --prefix=/usr --mandir=/usr/share/man --infodir=/usr/share/info --with-bugurl=http://bugzilla.redhat.com/bugzilla --enable-bootstrap --enable-shared --enable-threads=posix --enable-checking=release --with-system-zlib --enable-__cxa_atexit --disable-libunwind-exceptions --enable-gnu-unique-object --enable-languages=c,c++,objc,obj-c++,java,fortran,ada --enable-java-awt=gtk --disable-dssi --with-java-home=/usr/lib/jvm/java-1.5.0-gcj-1.5.0.0/jre --enable-libgcj-multifile --enable-java-maintainer-mode --with-ecj-jar=/usr/share/java/eclipse-ecj.jar --disable-libjava-multilib --with-ppl --with-cloog --with-tune=generic --with-arch_32=i686 --build=x86_64-redhat-linux
Thread model: posix
gcc version 4.4.7 20120313 (Red Hat 4.4.7-3) (GCC) 
configure:2645: $? = 0
configure:2652: gcc -V >&5
gcc: '-V' option must have argument
configure:2656: $? = 1
configure:2679: checking for C compiler default output file name
configure:2701: gcc    conftest.c  >&5
configure:2705: $? = 0
configure:2743: result: a.out
configure:2762: checking whether the C compiler works
configure:2772: ./a.out
configure:2776: $? = 0
configure:2795: result: yes
configure:2802: checking whether we are cross compiling
configure:2804: result: no
configure:2807: checking for suffix of executables
configure:2814: gcc -o conftest    conftest.c  >&5
configure:2818: $? = 0
configure:2844: result: 
configure:2850: checking for suffix of object files
configure:2876: gcc -c   conftest.c >&5
configure:2880: $? = 0
configure:2905: result: o
configure:2909: checking whether we are using the GNU C compiler
configure:2938: gcc -c   conftest.c >&5
configure:2945: $? = 0
configure:2962: result: yes
configure:2971: checking whether gcc accepts -g
configure:3001: gcc -c -g  conftest.c >&5
configure:3008: $? = 0
configure:3109: result: yes
configure:3126: checking for gcc option to accept ISO C89
configure:3200: gcc  -c -g -O2  conftest.c >&5
configure:3207: $? = 0
configure:3230: result: none needed
configure:3259: checking for style of include used by make
configure:3287: result: GNU
configure:3312: checking dependency style of gcc
configure:3422: result: gcc3
configure:3495: checking for g++
configure:3511: found /usr/bin/g++
configure:3522: result: g++
configure:3549: checking for C++ compiler version
configure:3557: g++ --version >&5
g++ (GCC) 4.4.7 20120313 (Red Hat 4.4.7-3)
Copyright (C) 2010 Free Software Foundation, Inc.
This is free software; see the source for copying conditions.  There is NO
warranty; not even for MERCHANTABILITY or FITNESS FOR A PARTICULAR PURPOSE.

configure:3561: $? = 0
configure:3568: g++ -v >&5
Using built-in specs.
Target: x86_64-redhat-linux
Configured with: ../configure --prefix=/usr --mandir=/usr/share/man --infodir=/usr/share/info --with-bugurl=http://bugzilla.redhat.com/bugzilla --enable-bootstrap --enable-shared --enable-threads=posix --enable-checking=release --with-system-zlib --enable-__cxa_atexit --disable-libunwind-exceptions --enable-gnu-unique-object --enable-languages=c,c++,objc,obj-c++,java,fortran,ada --enable-java-awt=gtk --disable-dssi --with-java-home=/usr/lib/jvm/java-1.5.0-gcj-1.5.0.0/jre --enable-libgcj-multifile --enable-java-maintainer-mode --with-ecj-jar=/usr/share/java/eclipse-ecj.jar --disable-libjava-multilib --with-ppl --with-cloog --with-tune=generic --with-arch_32=i686 --build=x86_64-redhat-linux
Thread model: posix
gcc version 4.4.7 20120313 (Red Hat 4.4.7-3) (GCC) 
configure:3572: $? = 0
configure:3579: g++ -V >&5
g++: '-V' option must have argument
configure:3583: $? = 1
configure:3586: checking whether we are using the GNU C++ compiler
configure:3615: g++ -c   conftest.cpp >&5
configure:3622: $? = 0
configure:3639: result: yes
configure:3648: checking whether g++ accepts -g
configure:3678: g++ -c -g  conftest.cpp >&5
configure:3685: $? = 0
configure:3786: result: yes
configure:3811: checking dependency style of g++
configure:3921: result: gcc3
configure:3979: checking for ranlib
configure:3995: found /usr/bin/ranlib
configure:4006: result: ranlib
configure:4163: creating ./config.status
>>>>>>> ef546caf7c44f6d309ad4476a93d0ab1d2a8a866

## ---------------------- ##
## Running config.status. ##
## ---------------------- ##

This file was extended by math config.status 1.0, which was
<<<<<<< HEAD
generated by GNU Autoconf 2.68.  Invocation command line was
=======
generated by GNU Autoconf 2.63.  Invocation command line was
>>>>>>> ef546caf7c44f6d309ad4476a93d0ab1d2a8a866

  CONFIG_FILES    = 
  CONFIG_HEADERS  = 
  CONFIG_LINKS    = 
  CONFIG_COMMANDS = 
  $ ./config.status 

<<<<<<< HEAD
on charles-MS-7758

config.status:855: creating Makefile
config.status:855: creating src/Makefile
config.status:855: creating config.h
config.status:1084: executing depfiles commands
=======
on dear111-02.mime.oregonstate.edu

config.status:766: creating Makefile
config.status:766: creating src/Makefile
config.status:766: creating config.h
config.status:1040: executing depfiles commands
>>>>>>> ef546caf7c44f6d309ad4476a93d0ab1d2a8a866

## ---------------- ##
## Cache variables. ##
## ---------------- ##

ac_cv_c_compiler_gnu=yes
ac_cv_cxx_compiler_gnu=yes
ac_cv_env_CCC_set=
ac_cv_env_CCC_value=
ac_cv_env_CC_set=
ac_cv_env_CC_value=
ac_cv_env_CFLAGS_set=
ac_cv_env_CFLAGS_value=
ac_cv_env_CPPFLAGS_set=
ac_cv_env_CPPFLAGS_value=
ac_cv_env_CXXFLAGS_set=
ac_cv_env_CXXFLAGS_value=
ac_cv_env_CXX_set=
ac_cv_env_CXX_value=
ac_cv_env_LDFLAGS_set=
ac_cv_env_LDFLAGS_value=
ac_cv_env_LIBS_set=
ac_cv_env_LIBS_value=
ac_cv_env_build_alias_set=
ac_cv_env_build_alias_value=
ac_cv_env_host_alias_set=
ac_cv_env_host_alias_value=
ac_cv_env_target_alias_set=
ac_cv_env_target_alias_value=
ac_cv_objext=o
ac_cv_path_install='/usr/bin/install -c'
ac_cv_path_mkdir=/bin/mkdir
<<<<<<< HEAD
ac_cv_prog_AWK=mawk
=======
ac_cv_prog_AWK=gawk
>>>>>>> ef546caf7c44f6d309ad4476a93d0ab1d2a8a866
ac_cv_prog_ac_ct_CC=gcc
ac_cv_prog_ac_ct_CXX=g++
ac_cv_prog_ac_ct_RANLIB=ranlib
ac_cv_prog_cc_c89=
ac_cv_prog_cc_g=yes
ac_cv_prog_cxx_g=yes
ac_cv_prog_make_make_set=yes
am_cv_CC_dependencies_compiler_type=gcc3
am_cv_CXX_dependencies_compiler_type=gcc3

## ----------------- ##
## Output variables. ##
## ----------------- ##

<<<<<<< HEAD
ACLOCAL='${SHELL} /home/charles/Programming/C++/math/missing --run aclocal-1.11'
AMDEPBACKSLASH='\'
AMDEP_FALSE='#'
AMDEP_TRUE=''
AMTAR='$${TAR-tar}'
AUTOCONF='${SHELL} /home/charles/Programming/C++/math/missing --run autoconf'
AUTOHEADER='${SHELL} /home/charles/Programming/C++/math/missing --run autoheader'
AUTOMAKE='${SHELL} /home/charles/Programming/C++/math/missing --run automake-1.11'
AWK='mawk'
=======
ACLOCAL='${SHELL} /nfs/stak/students/r/rymalc/Programming/C++/math/missing --run aclocal-1.11'
AMDEPBACKSLASH='\'
AMDEP_FALSE='#'
AMDEP_TRUE=''
AMTAR='${SHELL} /nfs/stak/students/r/rymalc/Programming/C++/math/missing --run tar'
AUTOCONF='${SHELL} /nfs/stak/students/r/rymalc/Programming/C++/math/missing --run autoconf'
AUTOHEADER='${SHELL} /nfs/stak/students/r/rymalc/Programming/C++/math/missing --run autoheader'
AUTOMAKE='${SHELL} /nfs/stak/students/r/rymalc/Programming/C++/math/missing --run automake-1.11'
AWK='gawk'
>>>>>>> ef546caf7c44f6d309ad4476a93d0ab1d2a8a866
CC='gcc'
CCDEPMODE='depmode=gcc3'
CFLAGS='-g -O2'
CPPFLAGS=''
CXX='g++'
CXXDEPMODE='depmode=gcc3'
CXXFLAGS='-g -O2'
CYGPATH_W='echo'
DEFS='-DHAVE_CONFIG_H'
DEPDIR='.deps'
ECHO_C=''
ECHO_N='-n'
ECHO_T=''
EXEEXT=''
INSTALL_DATA='${INSTALL} -m 644'
INSTALL_PROGRAM='${INSTALL}'
INSTALL_SCRIPT='${INSTALL}'
INSTALL_STRIP_PROGRAM='$(install_sh) -c -s'
LDFLAGS=''
LIBOBJS=''
LIBS=''
LTLIBOBJS=''
<<<<<<< HEAD
MAKEINFO='${SHELL} /home/charles/Programming/C++/math/missing --run makeinfo'
=======
MAKEINFO='${SHELL} /nfs/stak/students/r/rymalc/Programming/C++/math/missing --run makeinfo'
>>>>>>> ef546caf7c44f6d309ad4476a93d0ab1d2a8a866
MKDIR_P='/bin/mkdir -p'
OBJEXT='o'
PACKAGE='math'
PACKAGE_BUGREPORT='charlesrymal@gmail.com'
PACKAGE_NAME='math'
PACKAGE_STRING='math 1.0'
PACKAGE_TARNAME='math'
<<<<<<< HEAD
PACKAGE_URL=''
=======
>>>>>>> ef546caf7c44f6d309ad4476a93d0ab1d2a8a866
PACKAGE_VERSION='1.0'
PATH_SEPARATOR=':'
RANLIB='ranlib'
SET_MAKE=''
<<<<<<< HEAD
SHELL='/bin/bash'
=======
SHELL='/bin/sh'
>>>>>>> ef546caf7c44f6d309ad4476a93d0ab1d2a8a866
STRIP=''
VERSION='1.0'
ac_ct_CC='gcc'
ac_ct_CXX='g++'
am__EXEEXT_FALSE=''
am__EXEEXT_TRUE='#'
am__fastdepCC_FALSE='#'
am__fastdepCC_TRUE=''
am__fastdepCXX_FALSE='#'
am__fastdepCXX_TRUE=''
am__include='include'
am__isrc=''
am__leading_dot='.'
<<<<<<< HEAD
am__nodep='_no'
am__quote=''
am__tar='$${TAR-tar} chof - "$$tardir"'
am__untar='$${TAR-tar} xf -'
=======
am__quote=''
am__tar='${AMTAR} chof - "$$tardir"'
am__untar='${AMTAR} xf -'
>>>>>>> ef546caf7c44f6d309ad4476a93d0ab1d2a8a866
bindir='${exec_prefix}/bin'
build_alias=''
datadir='${datarootdir}'
datarootdir='${prefix}/share'
docdir='${datarootdir}/doc/${PACKAGE_TARNAME}'
dvidir='${docdir}'
exec_prefix='${prefix}'
host_alias=''
htmldir='${docdir}'
includedir='${prefix}/include'
infodir='${datarootdir}/info'
<<<<<<< HEAD
install_sh='${SHELL} /home/charles/Programming/C++/math/install-sh'
=======
install_sh='${SHELL} /nfs/stak/students/r/rymalc/Programming/C++/math/install-sh'
>>>>>>> ef546caf7c44f6d309ad4476a93d0ab1d2a8a866
libdir='${exec_prefix}/lib'
libexecdir='${exec_prefix}/libexec'
localedir='${datarootdir}/locale'
localstatedir='${prefix}/var'
mandir='${datarootdir}/man'
mkdir_p='/bin/mkdir -p'
oldincludedir='/usr/include'
pdfdir='${docdir}'
<<<<<<< HEAD
prefix='/home/charles/usr'
=======
prefix='/nfs/stak/students/r/rymalc/usr'
>>>>>>> ef546caf7c44f6d309ad4476a93d0ab1d2a8a866
program_transform_name='s,x,x,'
psdir='${docdir}'
sbindir='${exec_prefix}/sbin'
sharedstatedir='${prefix}/com'
sysconfdir='${prefix}/etc'
target_alias=''

## ----------- ##
## confdefs.h. ##
## ----------- ##

<<<<<<< HEAD
/* confdefs.h */
=======
>>>>>>> ef546caf7c44f6d309ad4476a93d0ab1d2a8a866
#define PACKAGE_NAME "math"
#define PACKAGE_TARNAME "math"
#define PACKAGE_VERSION "1.0"
#define PACKAGE_STRING "math 1.0"
#define PACKAGE_BUGREPORT "charlesrymal@gmail.com"
<<<<<<< HEAD
#define PACKAGE_URL ""
=======
>>>>>>> ef546caf7c44f6d309ad4476a93d0ab1d2a8a866
#define PACKAGE "math"
#define VERSION "1.0"

configure: exit 0

## ---------------------- ##
## Running config.status. ##
## ---------------------- ##

This file was extended by math config.status 1.0, which was
<<<<<<< HEAD
generated by GNU Autoconf 2.68.  Invocation command line was
=======
generated by GNU Autoconf 2.63.  Invocation command line was

  CONFIG_FILES    = 
  CONFIG_HEADERS  = 
  CONFIG_LINKS    = 
  CONFIG_COMMANDS = 
  $ ./config.status config.h

on dear111-02.mime.oregonstate.edu

config.status:766: creating config.h
config.status:988: config.h is unchanged

## ---------------------- ##
## Running config.status. ##
## ---------------------- ##

This file was extended by math config.status 1.0, which was
generated by GNU Autoconf 2.63.  Invocation command line was

  CONFIG_FILES    = 
  CONFIG_HEADERS  = 
  CONFIG_LINKS    = 
  CONFIG_COMMANDS = 
  $ ./config.status src/Makefile depfiles

on dear111-02.mime.oregonstate.edu

config.status:766: creating src/Makefile
config.status:1040: executing depfiles commands

## ---------------------- ##
## Running config.status. ##
## ---------------------- ##

This file was extended by math config.status 1.0, which was
generated by GNU Autoconf 2.63.  Invocation command line was

  CONFIG_FILES    = 
  CONFIG_HEADERS  = 
  CONFIG_LINKS    = 
  CONFIG_COMMANDS = 
  $ ./config.status src/Makefile depfiles

on dear111-02.mime.oregonstate.edu

config.status:766: creating src/Makefile
config.status:1040: executing depfiles commands

## ---------------------- ##
## Running config.status. ##
## ---------------------- ##

This file was extended by math config.status 1.0, which was
generated by GNU Autoconf 2.63.  Invocation command line was

  CONFIG_FILES    = 
  CONFIG_HEADERS  = 
  CONFIG_LINKS    = 
  CONFIG_COMMANDS = 
  $ ./config.status src/Makefile depfiles

on dear111-02.mime.oregonstate.edu

config.status:766: creating src/Makefile
config.status:1040: executing depfiles commands

## ---------------------- ##
## Running config.status. ##
## ---------------------- ##

This file was extended by math config.status 1.0, which was
generated by GNU Autoconf 2.63.  Invocation command line was
>>>>>>> ef546caf7c44f6d309ad4476a93d0ab1d2a8a866

  CONFIG_FILES    = 
  CONFIG_HEADERS  = 
  CONFIG_LINKS    = 
  CONFIG_COMMANDS = 
  $ ./config.status src/Makefile depfiles

<<<<<<< HEAD
on charles-MS-7758

config.status:855: creating src/Makefile
config.status:1084: executing depfiles commands
=======
on dear111-02.mime.oregonstate.edu

config.status:766: creating src/Makefile
config.status:1040: executing depfiles commands
>>>>>>> ef546caf7c44f6d309ad4476a93d0ab1d2a8a866
